Started GET "/" for ::1 at 2019-02-20 15:19:05 -0800
Processing by Rails::WelcomeController#index as HTML
  Rendering /Users/edgarbarajas/.rvm/gems/ruby-2.6.0/gems/railties-5.2.2/lib/rails/templates/rails/welcome/index.html.erb
  Rendered /Users/edgarbarajas/.rvm/gems/ruby-2.6.0/gems/railties-5.2.2/lib/rails/templates/rails/welcome/index.html.erb (4.0ms)
Completed 200 OK in 12ms (Views: 10.8ms | ActiveRecord: 0.0ms)


Started GET "/favicon.ico" for ::1 at 2019-02-20 15:19:06 -0800
  
ActionController::RoutingError (No route matches [GET] "/favicon.ico"):
  
actionpack (5.2.2) lib/action_dispatch/middleware/debug_exceptions.rb:65:in `call'
actionpack (5.2.2) lib/action_dispatch/middleware/show_exceptions.rb:33:in `call'
railties (5.2.2) lib/rails/rack/logger.rb:38:in `call_app'
railties (5.2.2) lib/rails/rack/logger.rb:26:in `block in call'
activesupport (5.2.2) lib/active_support/tagged_logging.rb:71:in `block in tagged'
activesupport (5.2.2) lib/active_support/tagged_logging.rb:28:in `tagged'
activesupport (5.2.2) lib/active_support/tagged_logging.rb:71:in `tagged'
railties (5.2.2) lib/rails/rack/logger.rb:26:in `call'
actionpack (5.2.2) lib/action_dispatch/middleware/remote_ip.rb:81:in `call'
actionpack (5.2.2) lib/action_dispatch/middleware/request_id.rb:27:in `call'
rack (2.0.6) lib/rack/runtime.rb:22:in `call'
activesupport (5.2.2) lib/active_support/cache/strategy/local_cache_middleware.rb:29:in `call'
actionpack (5.2.2) lib/action_dispatch/middleware/executor.rb:14:in `call'
actionpack (5.2.2) lib/action_dispatch/middleware/static.rb:127:in `call'
rack (2.0.6) lib/rack/sendfile.rb:111:in `call'
railties (5.2.2) lib/rails/engine.rb:524:in `call'
puma (3.12.0) lib/puma/configuration.rb:225:in `call'
puma (3.12.0) lib/puma/server.rb:658:in `handle_request'
puma (3.12.0) lib/puma/server.rb:472:in `process_client'
puma (3.12.0) lib/puma/server.rb:332:in `block in run'
puma (3.12.0) lib/puma/thread_pool.rb:133:in `block in spawn_thread'
Started GET "/" for ::1 at 2019-02-20 15:20:03 -0800
Processing by Rails::WelcomeController#index as HTML
  Rendering /Users/edgarbarajas/.rvm/gems/ruby-2.6.0/gems/railties-5.2.2/lib/rails/templates/rails/welcome/index.html.erb
  Rendered /Users/edgarbarajas/.rvm/gems/ruby-2.6.0/gems/railties-5.2.2/lib/rails/templates/rails/welcome/index.html.erb (2.0ms)
Completed 200 OK in 5ms (Views: 3.7ms | ActiveRecord: 0.0ms)


Started GET "/" for ::1 at 2019-02-20 15:24:18 -0800
Processing by Rails::WelcomeController#index as HTML
  Rendering /Users/edgarbarajas/.rvm/gems/ruby-2.6.0/gems/railties-5.2.2/lib/rails/templates/rails/welcome/index.html.erb
  Rendered /Users/edgarbarajas/.rvm/gems/ruby-2.6.0/gems/railties-5.2.2/lib/rails/templates/rails/welcome/index.html.erb (1.9ms)
Completed 200 OK in 5ms (Views: 3.5ms | ActiveRecord: 0.0ms)


  [1m[35m (2.7ms)[0m  [1m[35mCREATE DATABASE "brutus_development" ENCODING = 'unicode'[0m
  ↳ /Users/edgarbarajas/.rvm/rubies/ruby-2.6.0/lib/ruby/gems/2.6.0/gems/rake-12.3.2/lib/rake/task.rb:273
  [1m[35m (0.4ms)[0m  [1m[35mCREATE DATABASE "brutus_test" ENCODING = 'unicode'[0m
  ↳ /Users/edgarbarajas/.rvm/rubies/ruby-2.6.0/lib/ruby/gems/2.6.0/gems/rake-12.3.2/lib/rake/task.rb:273
  [1m[35m (1.0ms)[0m  [1m[34mSELECT pg_try_advisory_lock(4991075270999571495)[0m
  ↳ /Users/edgarbarajas/.rvm/rubies/ruby-2.6.0/lib/ruby/gems/2.6.0/gems/rake-12.3.2/lib/rake/task.rb:273
  [1m[35m (3.4ms)[0m  [1m[34mSELECT "schema_migrations"."version" FROM "schema_migrations" ORDER BY "schema_migrations"."version" ASC[0m
  ↳ /Users/edgarbarajas/.rvm/rubies/ruby-2.6.0/lib/ruby/gems/2.6.0/gems/rake-12.3.2/lib/rake/task.rb:273
Migrating to CreateUsers (20190220233329)
  [1m[35m (0.1ms)[0m  [1m[35mBEGIN[0m
  ↳ /Users/edgarbarajas/.rvm/rubies/ruby-2.6.0/lib/ruby/gems/2.6.0/gems/rake-12.3.2/lib/rake/task.rb:273
  [1m[35m (46.4ms)[0m  [1m[35mCREATE TABLE "users" ("id" bigserial primary key, "first_name" character varying, "last_name" character varying, "email" character varying, "password_digest" character varying, "auth_token" character varying, "created_at" timestamp NOT NULL, "updated_at" timestamp NOT NULL)[0m
  ↳ db/migrate/20190220233329_create_users.rb:3
  [1m[35m (0.1ms)[0m  [1m[31mROLLBACK[0m
  ↳ /Users/edgarbarajas/.rvm/rubies/ruby-2.6.0/lib/ruby/gems/2.6.0/gems/rake-12.3.2/lib/rake/task.rb:273
  [1m[35m (0.2ms)[0m  [1m[34mSELECT pg_advisory_unlock(4991075270999571495)[0m
  ↳ /Users/edgarbarajas/.rvm/rubies/ruby-2.6.0/lib/ruby/gems/2.6.0/gems/rake-12.3.2/lib/rake/task.rb:273
  [1m[35m (0.5ms)[0m  [1m[34mSELECT "schema_migrations"."version" FROM "schema_migrations" ORDER BY "schema_migrations"."version" ASC[0m
  ↳ /Users/edgarbarajas/.rvm/rubies/ruby-2.6.0/lib/ruby/gems/2.6.0/gems/rake-12.3.2/lib/rake/task.rb:273
  [1m[35m (40.9ms)[0m  [1m[34mSELECT "ar_internal_metadata"."value" FROM "ar_internal_metadata" WHERE "ar_internal_metadata"."key" = $1[0m  [["key", "environment"]]
  ↳ /Users/edgarbarajas/.rvm/rubies/ruby-2.6.0/lib/ruby/gems/2.6.0/gems/rake-12.3.2/lib/rake/task.rb:273
  [1m[35m (0.2ms)[0m  [1m[34mSELECT "schema_migrations"."version" FROM "schema_migrations" ORDER BY "schema_migrations"."version" ASC[0m
  ↳ /Users/edgarbarajas/.rvm/rubies/ruby-2.6.0/lib/ruby/gems/2.6.0/gems/rake-12.3.2/lib/rake/task.rb:273
  [1m[35m (0.2ms)[0m  [1m[34mSELECT "ar_internal_metadata"."value" FROM "ar_internal_metadata" WHERE "ar_internal_metadata"."key" = $1[0m  [["key", "environment"]]
  ↳ /Users/edgarbarajas/.rvm/rubies/ruby-2.6.0/lib/ruby/gems/2.6.0/gems/rake-12.3.2/lib/rake/task.rb:273
  [1m[35m (0.2ms)[0m  [1m[34mSELECT "schema_migrations"."version" FROM "schema_migrations" ORDER BY "schema_migrations"."version" ASC[0m
  ↳ /Users/edgarbarajas/.rvm/rubies/ruby-2.6.0/lib/ruby/gems/2.6.0/gems/rake-12.3.2/lib/rake/task.rb:273
  [1m[35m (0.2ms)[0m  [1m[34mSELECT "ar_internal_metadata"."value" FROM "ar_internal_metadata" WHERE "ar_internal_metadata"."key" = $1[0m  [["key", "environment"]]
  ↳ /Users/edgarbarajas/.rvm/rubies/ruby-2.6.0/lib/ruby/gems/2.6.0/gems/rake-12.3.2/lib/rake/task.rb:273
  [1m[35m (225.2ms)[0m  [1m[35mDROP DATABASE IF EXISTS "brutus_development"[0m
  ↳ /Users/edgarbarajas/.rvm/rubies/ruby-2.6.0/lib/ruby/gems/2.6.0/gems/rake-12.3.2/lib/rake/task.rb:273
  [1m[35m (210.5ms)[0m  [1m[35mDROP DATABASE IF EXISTS "brutus_test"[0m
  ↳ /Users/edgarbarajas/.rvm/rubies/ruby-2.6.0/lib/ruby/gems/2.6.0/gems/rake-12.3.2/lib/rake/task.rb:273
  [1m[35m (577.9ms)[0m  [1m[35mCREATE DATABASE "brutus_development" ENCODING = 'unicode'[0m
  ↳ /Users/edgarbarajas/.rvm/rubies/ruby-2.6.0/lib/ruby/gems/2.6.0/gems/rake-12.3.2/lib/rake/task.rb:273
  [1m[35m (405.4ms)[0m  [1m[35mCREATE DATABASE "brutus_test" ENCODING = 'unicode'[0m
  ↳ /Users/edgarbarajas/.rvm/rubies/ruby-2.6.0/lib/ruby/gems/2.6.0/gems/rake-12.3.2/lib/rake/task.rb:273
  [1m[35m (7.8ms)[0m  [1m[35mCREATE TABLE "schema_migrations" ("version" character varying NOT NULL PRIMARY KEY)[0m
  ↳ /Users/edgarbarajas/.rvm/rubies/ruby-2.6.0/lib/ruby/gems/2.6.0/gems/rake-12.3.2/lib/rake/task.rb:273
  [1m[35m (2.9ms)[0m  [1m[35mCREATE TABLE "ar_internal_metadata" ("key" character varying NOT NULL PRIMARY KEY, "value" character varying, "created_at" timestamp NOT NULL, "updated_at" timestamp NOT NULL)[0m
  ↳ /Users/edgarbarajas/.rvm/rubies/ruby-2.6.0/lib/ruby/gems/2.6.0/gems/rake-12.3.2/lib/rake/task.rb:273
  [1m[35m (0.1ms)[0m  [1m[34mSELECT pg_try_advisory_lock(4991075270999571495)[0m
  ↳ /Users/edgarbarajas/.rvm/rubies/ruby-2.6.0/lib/ruby/gems/2.6.0/gems/rake-12.3.2/lib/rake/task.rb:273
  [1m[35m (0.3ms)[0m  [1m[34mSELECT "schema_migrations"."version" FROM "schema_migrations" ORDER BY "schema_migrations"."version" ASC[0m
  ↳ /Users/edgarbarajas/.rvm/rubies/ruby-2.6.0/lib/ruby/gems/2.6.0/gems/rake-12.3.2/lib/rake/task.rb:273
Migrating to CreateUsers (20190220233329)
  [1m[35m (0.1ms)[0m  [1m[35mBEGIN[0m
  ↳ /Users/edgarbarajas/.rvm/rubies/ruby-2.6.0/lib/ruby/gems/2.6.0/gems/rake-12.3.2/lib/rake/task.rb:273
  [1m[35m (3.8ms)[0m  [1m[35mCREATE TABLE "users" ("id" bigserial primary key, "first_name" character varying, "last_name" character varying, "email" character varying, "password_digest" character varying, "auth_token" character varying, "created_at" timestamp NOT NULL, "updated_at" timestamp NOT NULL)[0m
  ↳ db/migrate/20190220233329_create_users.rb:3
  [1m[36mActiveRecord::SchemaMigration Create (0.9ms)[0m  [1m[32mINSERT INTO "schema_migrations" ("version") VALUES ($1) RETURNING "version"[0m  [["version", "20190220233329"]]
  ↳ /Users/edgarbarajas/.rvm/rubies/ruby-2.6.0/lib/ruby/gems/2.6.0/gems/rake-12.3.2/lib/rake/task.rb:273
  [1m[35m (0.6ms)[0m  [1m[35mCOMMIT[0m
  ↳ /Users/edgarbarajas/.rvm/rubies/ruby-2.6.0/lib/ruby/gems/2.6.0/gems/rake-12.3.2/lib/rake/task.rb:273
  [1m[36mActiveRecord::InternalMetadata Load (0.4ms)[0m  [1m[34mSELECT  "ar_internal_metadata".* FROM "ar_internal_metadata" WHERE "ar_internal_metadata"."key" = $1 LIMIT $2[0m  [["key", "environment"], ["LIMIT", 1]]
  ↳ /Users/edgarbarajas/.rvm/rubies/ruby-2.6.0/lib/ruby/gems/2.6.0/gems/rake-12.3.2/lib/rake/task.rb:273
  [1m[35m (0.1ms)[0m  [1m[35mBEGIN[0m
  ↳ /Users/edgarbarajas/.rvm/rubies/ruby-2.6.0/lib/ruby/gems/2.6.0/gems/rake-12.3.2/lib/rake/task.rb:273
  [1m[36mActiveRecord::InternalMetadata Create (0.4ms)[0m  [1m[32mINSERT INTO "ar_internal_metadata" ("key", "value", "created_at", "updated_at") VALUES ($1, $2, $3, $4) RETURNING "key"[0m  [["key", "environment"], ["value", "development"], ["created_at", "2019-02-21 04:37:32.534318"], ["updated_at", "2019-02-21 04:37:32.534318"]]
  ↳ /Users/edgarbarajas/.rvm/rubies/ruby-2.6.0/lib/ruby/gems/2.6.0/gems/rake-12.3.2/lib/rake/task.rb:273
  [1m[35m (0.4ms)[0m  [1m[35mCOMMIT[0m
  ↳ /Users/edgarbarajas/.rvm/rubies/ruby-2.6.0/lib/ruby/gems/2.6.0/gems/rake-12.3.2/lib/rake/task.rb:273
  [1m[35m (0.1ms)[0m  [1m[34mSELECT pg_advisory_unlock(4991075270999571495)[0m
  ↳ /Users/edgarbarajas/.rvm/rubies/ruby-2.6.0/lib/ruby/gems/2.6.0/gems/rake-12.3.2/lib/rake/task.rb:273
  [1m[35m (0.2ms)[0m  [1m[34mSELECT "schema_migrations"."version" FROM "schema_migrations" ORDER BY "schema_migrations"."version" ASC[0m
  ↳ /Users/edgarbarajas/.rvm/rubies/ruby-2.6.0/lib/ruby/gems/2.6.0/gems/rake-12.3.2/lib/rake/task.rb:273
  [1m[36mUser Load (0.4ms)[0m  [1m[34mSELECT  "users".* FROM "users" LIMIT $1[0m  [["LIMIT", 11]]
  [1m[35m (0.2ms)[0m  [1m[35mBEGIN[0m
  [1m[35m (0.3ms)[0m  [1m[31mROLLBACK[0m
  [1m[35m (0.2ms)[0m  [1m[35mBEGIN[0m
  [1m[35m (0.2ms)[0m  [1m[31mROLLBACK[0m
  [1m[35m (0.2ms)[0m  [1m[35mBEGIN[0m
  [1m[36mUser Create (0.6ms)[0m  [1m[32mINSERT INTO "users" ("password_digest", "created_at", "updated_at") VALUES ($1, $2, $3) RETURNING "id"[0m  [["password_digest", "$2a$10$28MsRTZ0EfOxBAjJTxvr8.UjbwUM92fhf1ojdOJxTtmeC.UrkYnKe"], ["created_at", "2019-02-21 04:43:18.869275"], ["updated_at", "2019-02-21 04:43:18.869275"]]
  [1m[35m (5.7ms)[0m  [1m[35mCOMMIT[0m
  [1m[36mUser Load (0.4ms)[0m  [1m[34mSELECT  "users".* FROM "users" ORDER BY "users"."id" ASC LIMIT $1[0m  [["LIMIT", 1]]
  [1m[36mUser Load (0.3ms)[0m  [1m[34mSELECT  "users".* FROM "users" ORDER BY "users"."id" ASC LIMIT $1[0m  [["LIMIT", 1]]
  [1m[36mUser Load (0.4ms)[0m  [1m[34mSELECT  "users".* FROM "users" ORDER BY "users"."id" ASC LIMIT $1[0m  [["LIMIT", 1]]
  [1m[36mUser Load (0.4ms)[0m  [1m[34mSELECT  "users".* FROM "users" ORDER BY "users"."id" ASC LIMIT $1[0m  [["LIMIT", 1]]
  [1m[35m (0.1ms)[0m  [1m[35mBEGIN[0m
  [1m[36mUser Create (0.4ms)[0m  [1m[32mINSERT INTO "users" ("password_digest", "created_at", "updated_at") VALUES ($1, $2, $3) RETURNING "id"[0m  [["password_digest", "$2a$10$6lDrejZ/N4dh24jq/r4w6Om/le.yUxXAlU5J0Urkz/io/SAKV/ksW"], ["created_at", "2019-02-21 04:54:34.869462"], ["updated_at", "2019-02-21 04:54:34.869462"]]
  [1m[35m (39.6ms)[0m  [1m[35mCOMMIT[0m
  [1m[36mUser Load (0.5ms)[0m  [1m[34mSELECT "users".* FROM "users"[0m
  [1m[35m (0.2ms)[0m  [1m[35mBEGIN[0m
  [1m[36mUser Destroy (43.4ms)[0m  [1m[31mDELETE FROM "users" WHERE "users"."id" = $1[0m  [["id", 1]]
  [1m[35m (0.6ms)[0m  [1m[35mCOMMIT[0m
  [1m[35m (0.5ms)[0m  [1m[35mBEGIN[0m
  [1m[36mUser Destroy (0.3ms)[0m  [1m[31mDELETE FROM "users" WHERE "users"."id" = $1[0m  [["id", 2]]
  [1m[35m (0.4ms)[0m  [1m[35mCOMMIT[0m
  [1m[35m (0.2ms)[0m  [1m[35mBEGIN[0m
  [1m[36mUser Create (0.4ms)[0m  [1m[32mINSERT INTO "users" ("password_digest", "auth_token", "created_at", "updated_at") VALUES ($1, $2, $3, $4) RETURNING "id"[0m  [["password_digest", "$2a$10$9Tp//.k.xFfwugjtfm5xFerWMaHaHKdCq4ryFNH9iHnu9RfunzXHy"], ["auth_token", "S59dokYEsgeXvAZc3Fog1fUd"], ["created_at", "2019-02-21 04:54:51.546609"], ["updated_at", "2019-02-21 04:54:51.546609"]]
  [1m[35m (5.4ms)[0m  [1m[35mCOMMIT[0m
  [1m[36mUser Load (0.5ms)[0m  [1m[34mSELECT "users".* FROM "users"[0m
  [1m[35m (0.6ms)[0m  [1m[35mBEGIN[0m
  [1m[36mUser Destroy (0.8ms)[0m  [1m[31mDELETE FROM "users" WHERE "users"."id" = $1[0m  [["id", 3]]
  [1m[35m (5.9ms)[0m  [1m[35mCOMMIT[0m
  [1m[35m (0.1ms)[0m  [1m[35mBEGIN[0m
  [1m[36mUser Exists (0.8ms)[0m  [1m[34mSELECT  1 AS one FROM "users" WHERE "users"."email" = $1 LIMIT $2[0m  [["email", "edgarsbarajas@yahoo.com"], ["LIMIT", 1]]
  [1m[36mUser Create (0.4ms)[0m  [1m[32mINSERT INTO "users" ("first_name", "last_name", "email", "password_digest", "auth_token", "created_at", "updated_at") VALUES ($1, $2, $3, $4, $5, $6, $7) RETURNING "id"[0m  [["first_name", "Edgar"], ["last_name", "Barajas"], ["email", "edgarsbarajas@yahoo.com"], ["password_digest", "$2a$10$RNi6sVg.fpUjPenTuvpYouAvyCFag.ULDnHT3JM/pEjHIX8r2QeNG"], ["auth_token", "3j6AwMu1US7jXX5VLtAE5E9m"], ["created_at", "2019-02-21 05:00:58.829755"], ["updated_at", "2019-02-21 05:00:58.829755"]]
  [1m[35m (41.0ms)[0m  [1m[35mCOMMIT[0m
  [1m[35m (0.2ms)[0m  [1m[35mBEGIN[0m
  [1m[36mUser Exists (0.3ms)[0m  [1m[34mSELECT  1 AS one FROM "users" WHERE "users"."email" = $1 LIMIT $2[0m  [["email", "edgarsbarajasyahoo.com"], ["LIMIT", 1]]
  [1m[35m (0.2ms)[0m  [1m[31mROLLBACK[0m
  [1m[35m (0.2ms)[0m  [1m[35mBEGIN[0m
  [1m[36mUser Exists (0.2ms)[0m  [1m[34mSELECT  1 AS one FROM "users" WHERE "users"."email" = $1 LIMIT $2[0m  [["email", "edgarsbarajasyahoo.com"], ["LIMIT", 1]]
  [1m[35m (0.1ms)[0m  [1m[31mROLLBACK[0m
  [1m[35m (0.2ms)[0m  [1m[35mBEGIN[0m
  [1m[36mUser Exists (0.2ms)[0m  [1m[34mSELECT  1 AS one FROM "users" WHERE "users"."email" = $1 LIMIT $2[0m  [["email", "edgarsbarajasyahoo.com"], ["LIMIT", 1]]
  [1m[35m (0.2ms)[0m  [1m[31mROLLBACK[0m
Started GET "/login" for ::1 at 2019-02-20 21:27:51 -0800
  [1m[35m (1.5ms)[0m  [1m[34mSELECT "schema_migrations"."version" FROM "schema_migrations" ORDER BY "schema_migrations"."version" ASC[0m
  ↳ /Users/edgarbarajas/.rvm/gems/ruby-2.6.0/gems/activerecord-5.2.2/lib/active_record/log_subscriber.rb:98
  
ActionController::RoutingError (No route matches [GET] "/login"):
  
actionpack (5.2.2) lib/action_dispatch/middleware/debug_exceptions.rb:65:in `call'
actionpack (5.2.2) lib/action_dispatch/middleware/show_exceptions.rb:33:in `call'
railties (5.2.2) lib/rails/rack/logger.rb:38:in `call_app'
railties (5.2.2) lib/rails/rack/logger.rb:26:in `block in call'
activesupport (5.2.2) lib/active_support/tagged_logging.rb:71:in `block in tagged'
activesupport (5.2.2) lib/active_support/tagged_logging.rb:28:in `tagged'
activesupport (5.2.2) lib/active_support/tagged_logging.rb:71:in `tagged'
railties (5.2.2) lib/rails/rack/logger.rb:26:in `call'
actionpack (5.2.2) lib/action_dispatch/middleware/remote_ip.rb:81:in `call'
actionpack (5.2.2) lib/action_dispatch/middleware/request_id.rb:27:in `call'
rack (2.0.6) lib/rack/runtime.rb:22:in `call'
activesupport (5.2.2) lib/active_support/cache/strategy/local_cache_middleware.rb:29:in `call'
actionpack (5.2.2) lib/action_dispatch/middleware/executor.rb:14:in `call'
actionpack (5.2.2) lib/action_dispatch/middleware/static.rb:127:in `call'
rack (2.0.6) lib/rack/sendfile.rb:111:in `call'
railties (5.2.2) lib/rails/engine.rb:524:in `call'
puma (3.12.0) lib/puma/configuration.rb:225:in `call'
puma (3.12.0) lib/puma/server.rb:658:in `handle_request'
puma (3.12.0) lib/puma/server.rb:472:in `process_client'
puma (3.12.0) lib/puma/server.rb:332:in `block in run'
puma (3.12.0) lib/puma/thread_pool.rb:133:in `block in spawn_thread'
Started POST "/api/v1/login" for ::1 at 2019-02-20 21:28:25 -0800
Processing by Api::V1::SessionsController#create as */*
  Parameters: {"email"=>"edgarsbarajas@yahoo.com", "password"=>"[FILTERED]", "session"=>{"email"=>"edgarsbarajas@yahoo.com", "password"=>"[FILTERED]"}}
Completed 204 No Content in 0ms (ActiveRecord: 0.0ms)


Started POST "/api/v1/login" for ::1 at 2019-02-20 21:31:44 -0800
Processing by Api::V1::SessionsController#create as */*
  Parameters: {"email"=>"edgarsbarajas@yahoo.com", "password"=>"[FILTERED]", "session"=>{"email"=>"edgarsbarajas@yahoo.com", "password"=>"[FILTERED]"}}
  [1m[36mUser Load (0.4ms)[0m  [1m[34mSELECT  "users".* FROM "users" WHERE "users"."email" = $1 LIMIT $2[0m  [["email", "edgarsbarajas@yahoo.com"], ["LIMIT", 1]]
  ↳ app/controllers/api/v1/sessions_controller.rb:5
Completed 200 OK in 38ms (Views: 1.0ms | ActiveRecord: 6.1ms)


Started POST "/api/v1/login" for ::1 at 2019-02-20 21:36:08 -0800
Processing by Api::V1::SessionsController#create as */*
  Parameters: {"email"=>"edgarsbarajas@yahoo.com", "password"=>"[FILTERED]", "session"=>{"email"=>"edgarsbarajas@yahoo.com", "password"=>"[FILTERED]"}}
  [1m[36mUser Load (0.2ms)[0m  [1m[34mSELECT  "users".* FROM "users" WHERE "users"."email" = $1 LIMIT $2[0m  [["email", "edgarsbarajas@yahoo.com"], ["LIMIT", 1]]
  ↳ app/controllers/api/v1/sessions_controller.rb:5
Completed 204 No Content in 109ms (ActiveRecord: 4.6ms)


Started POST "/api/v1/login" for ::1 at 2019-02-20 21:36:28 -0800
Processing by Api::V1::SessionsController#create as */*
  Parameters: {"email"=>"edgarsbarajas@yahoo.com", "password"=>"[FILTERED]", "session"=>{"email"=>"edgarsbarajas@yahoo.com", "password"=>"[FILTERED]"}}
  [1m[36mUser Load (0.8ms)[0m  [1m[34mSELECT  "users".* FROM "users" WHERE "users"."email" = $1 LIMIT $2[0m  [["email", "edgarsbarajas@yahoo.com"], ["LIMIT", 1]]
  ↳ app/controllers/api/v1/sessions_controller.rb:5
Completed 204 No Content in 111ms (ActiveRecord: 0.8ms)


Started POST "/api/v1/login" for ::1 at 2019-02-20 21:37:21 -0800
Processing by Api::V1::SessionsController#create as */*
  Parameters: {"email"=>"edgarsbarajas@yahoo.com", "password"=>"[FILTERED]", "session"=>{"email"=>"edgarsbarajas@yahoo.com", "password"=>"[FILTERED]"}}
  [1m[36mUser Load (30.8ms)[0m  [1m[34mSELECT  "users".* FROM "users" WHERE "users"."email" = $1 LIMIT $2[0m  [["email", "edgarsbarajas@yahoo.com"], ["LIMIT", 1]]
  ↳ app/controllers/api/v1/sessions_controller.rb:5
Completed 204 No Content in 184ms (ActiveRecord: 37.1ms)


Started POST "/api/v1/login" for ::1 at 2019-02-20 21:41:07 -0800
Processing by Api::V1::SessionsController#create as */*
  Parameters: {"email"=>"edgarsbarajas@yahoo.com", "password"=>"[FILTERED]", "session"=>{"email"=>"edgarsbarajas@yahoo.com", "password"=>"[FILTERED]"}}
  [1m[36mUser Load (50.8ms)[0m  [1m[34mSELECT  "users".* FROM "users" WHERE "users"."email" = $1 LIMIT $2[0m  [["email", "edgarsbarajas@yahoo.com"], ["LIMIT", 1]]
  ↳ app/controllers/api/v1/sessions_controller.rb:4
Completed 200 OK in 377ms (Views: 0.3ms | ActiveRecord: 81.0ms)


Started POST "/api/v1/login" for ::1 at 2019-02-20 21:50:13 -0800
Processing by Api::V1::SessionsController#create as */*
  Parameters: {"email"=>"edgarsbarajas@yahoo.com", "password"=>"[FILTERED]", "session"=>{"email"=>"edgarsbarajas@yahoo.com", "password"=>"[FILTERED]"}}
  [1m[36mUser Load (0.9ms)[0m  [1m[34mSELECT  "users".* FROM "users" WHERE "users"."email" = $1 LIMIT $2[0m  [["email", "edgarsbarajas@yahoo.com"], ["LIMIT", 1]]
  ↳ app/controllers/api/v1/sessions_controller.rb:4
  [1m[35m (0.3ms)[0m  [1m[35mBEGIN[0m
  ↳ app/controllers/api/v1/sessions_controller.rb:6
  [1m[36mUser Exists (0.6ms)[0m  [1m[34mSELECT  1 AS one FROM "users" WHERE "users"."email" = $1 AND "users"."id" != $2 LIMIT $3[0m  [["email", "edgarsbarajas@yahoo.com"], ["id", 4], ["LIMIT", 1]]
  ↳ app/controllers/api/v1/sessions_controller.rb:6
  [1m[36mUser Update (4.5ms)[0m  [1m[33mUPDATE "users" SET "auth_token" = $1, "updated_at" = $2 WHERE "users"."id" = $3[0m  [["auth_token", "eZRJwq4QMUaCBxHwhGSxHUaB"], ["updated_at", "2019-02-21 05:50:13.874068"], ["id", 4]]
  ↳ app/controllers/api/v1/sessions_controller.rb:6
  [1m[35m (2.5ms)[0m  [1m[35mCOMMIT[0m
  ↳ app/controllers/api/v1/sessions_controller.rb:6
Completed 200 OK in 215ms (Views: 0.6ms | ActiveRecord: 30.8ms)


Started POST "/api/v1/login" for ::1 at 2019-02-20 21:50:22 -0800
Processing by Api::V1::SessionsController#create as */*
  Parameters: {"email"=>"edgarsbarajas@yahoo.com", "password"=>"[FILTERED]", "session"=>{"email"=>"edgarsbarajas@yahoo.com", "password"=>"[FILTERED]"}}
  [1m[36mUser Load (1.6ms)[0m  [1m[34mSELECT  "users".* FROM "users" WHERE "users"."email" = $1 LIMIT $2[0m  [["email", "edgarsbarajas@yahoo.com"], ["LIMIT", 1]]
  ↳ app/controllers/api/v1/sessions_controller.rb:4
  [1m[35m (0.3ms)[0m  [1m[35mBEGIN[0m
  ↳ app/controllers/api/v1/sessions_controller.rb:6
  [1m[36mUser Exists (0.6ms)[0m  [1m[34mSELECT  1 AS one FROM "users" WHERE "users"."email" = $1 AND "users"."id" != $2 LIMIT $3[0m  [["email", "edgarsbarajas@yahoo.com"], ["id", 4], ["LIMIT", 1]]
  ↳ app/controllers/api/v1/sessions_controller.rb:6
  [1m[36mUser Update (0.5ms)[0m  [1m[33mUPDATE "users" SET "auth_token" = $1, "updated_at" = $2 WHERE "users"."id" = $3[0m  [["auth_token", "PYdNYUJUCznL5cGywR7PanWD"], ["updated_at", "2019-02-21 05:50:22.358540"], ["id", 4]]
  ↳ app/controllers/api/v1/sessions_controller.rb:6
  [1m[35m (5.5ms)[0m  [1m[35mCOMMIT[0m
  ↳ app/controllers/api/v1/sessions_controller.rb:6
Completed 200 OK in 198ms (Views: 0.3ms | ActiveRecord: 8.5ms)


Started POST "/api/v1/login" for ::1 at 2019-02-20 21:50:51 -0800
Processing by Api::V1::SessionsController#create as */*
  Parameters: {"email"=>"edgarsbarajas@yahoo.com", "password"=>"[FILTERED]", "session"=>{"email"=>"edgarsbarajas@yahoo.com", "password"=>"[FILTERED]"}}
  [1m[36mUser Load (1.3ms)[0m  [1m[34mSELECT  "users".* FROM "users" WHERE "users"."email" = $1 LIMIT $2[0m  [["email", "edgarsbarajas@yahoo.com"], ["LIMIT", 1]]
  ↳ app/controllers/api/v1/sessions_controller.rb:4
  [1m[35m (0.3ms)[0m  [1m[35mBEGIN[0m
  ↳ app/controllers/api/v1/sessions_controller.rb:6
  [1m[36mUser Exists (0.5ms)[0m  [1m[34mSELECT  1 AS one FROM "users" WHERE "users"."email" = $1 AND "users"."id" != $2 LIMIT $3[0m  [["email", "edgarsbarajas@yahoo.com"], ["id", 4], ["LIMIT", 1]]
  ↳ app/controllers/api/v1/sessions_controller.rb:6
  [1m[36mUser Update (0.5ms)[0m  [1m[33mUPDATE "users" SET "auth_token" = $1, "updated_at" = $2 WHERE "users"."id" = $3[0m  [["auth_token", "KS5LSquvccXUuq57TFES2Atm"], ["updated_at", "2019-02-21 05:50:51.835629"], ["id", 4]]
  ↳ app/controllers/api/v1/sessions_controller.rb:6
  [1m[35m (2.3ms)[0m  [1m[35mCOMMIT[0m
  ↳ app/controllers/api/v1/sessions_controller.rb:6
Completed 200 OK in 239ms (Views: 0.9ms | ActiveRecord: 28.2ms)


Started POST "/api/v1/login" for ::1 at 2019-02-20 21:52:23 -0800
Processing by Api::V1::SessionsController#create as */*
  Parameters: {"email"=>"edgarsbarajas@yahoo.com", "password"=>"[FILTERED]", "session"=>{"email"=>"edgarsbarajas@yahoo.com", "password"=>"[FILTERED]"}}
  [1m[36mUser Load (0.7ms)[0m  [1m[34mSELECT  "users".* FROM "users" WHERE "users"."email" = $1 LIMIT $2[0m  [["email", "edgarsbarajas@yahoo.com"], ["LIMIT", 1]]
  ↳ app/controllers/api/v1/sessions_controller.rb:4
  [1m[35m (0.2ms)[0m  [1m[35mBEGIN[0m
  ↳ app/controllers/api/v1/sessions_controller.rb:6
  [1m[36mUser Exists (0.5ms)[0m  [1m[34mSELECT  1 AS one FROM "users" WHERE "users"."email" = $1 AND "users"."id" != $2 LIMIT $3[0m  [["email", "edgarsbarajas@yahoo.com"], ["id", 4], ["LIMIT", 1]]
  ↳ app/controllers/api/v1/sessions_controller.rb:6
  [1m[36mUser Update (0.9ms)[0m  [1m[33mUPDATE "users" SET "auth_token" = $1, "updated_at" = $2 WHERE "users"."id" = $3[0m  [["auth_token", "vUQEr4zYexeYu6gVtbWWkdLR"], ["updated_at", "2019-02-21 05:52:23.651067"], ["id", 4]]
  ↳ app/controllers/api/v1/sessions_controller.rb:6
  [1m[35m (8.7ms)[0m  [1m[35mCOMMIT[0m
  ↳ app/controllers/api/v1/sessions_controller.rb:6
Completed 200 OK in 190ms (Views: 2.7ms | ActiveRecord: 16.1ms)


Started POST "/api/v1/login" for ::1 at 2019-02-22 21:07:35 -0800
  [1m[35m (5.1ms)[0m  [1m[34mSELECT "schema_migrations"."version" FROM "schema_migrations" ORDER BY "schema_migrations"."version" ASC[0m
  ↳ /Users/edgarbarajas/.rvm/gems/ruby-2.6.0/gems/activerecord-5.2.2/lib/active_record/log_subscriber.rb:98
  
ActionController::RoutingError (uninitialized constant AuthController):
  
app/controllers/api/v1/sessions_controller.rb:1:in `<main>'
Started POST "/api/v1/login" for ::1 at 2019-02-22 21:08:05 -0800
  [1m[35m (0.5ms)[0m  [1m[34mSELECT "schema_migrations"."version" FROM "schema_migrations" ORDER BY "schema_migrations"."version" ASC[0m
  ↳ /Users/edgarbarajas/.rvm/gems/ruby-2.6.0/gems/activerecord-5.2.2/lib/active_record/log_subscriber.rb:98
  
ActionController::RoutingError (uninitialized constant AuthController):
  
app/controllers/api/v1/sessions_controller.rb:1:in `<main>'
Started POST "/api/v1/login" for ::1 at 2019-02-22 21:08:23 -0800
  
LoadError (Unable to autoload constant Api::V1::AuthController, expected /Users/edgarbarajas/brutus/app/controllers/api/v1/auth_controller.rb to define it):
  
app/controllers/api/v1/sessions_controller.rb:1:in `<main>'
Started POST "/api/v1/login" for ::1 at 2019-02-22 21:08:51 -0800
  [1m[35m (0.6ms)[0m  [1m[34mSELECT "schema_migrations"."version" FROM "schema_migrations" ORDER BY "schema_migrations"."version" ASC[0m
  ↳ /Users/edgarbarajas/.rvm/gems/ruby-2.6.0/gems/activerecord-5.2.2/lib/active_record/log_subscriber.rb:98
  
LoadError (Unable to autoload constant Api::V1::AuthController, expected /Users/edgarbarajas/brutus/app/controllers/api/v1/auth_controller.rb to define it):
  
app/controllers/api/v1/sessions_controller.rb:1:in `<main>'
Started POST "/api/v1/login" for ::1 at 2019-02-22 21:09:17 -0800
Processing by Api::V1::SessionsController#create as */*
  Parameters: {"email"=>"edgarsbarajas@yahoo.com", "password"=>"[FILTERED]", "session"=>{"email"=>"edgarsbarajas@yahoo.com", "password"=>"[FILTERED]"}}
  [1m[36mUser Load (3.5ms)[0m  [1m[34mSELECT  "users".* FROM "users" WHERE "users"."email" = $1 LIMIT $2[0m  [["email", "edgarsbarajas@yahoo.com"], ["LIMIT", 1]]
  ↳ app/controllers/api/v1/sessions_controller.rb:4
  [1m[35m (0.1ms)[0m  [1m[35mBEGIN[0m
  ↳ app/controllers/api/v1/sessions_controller.rb:6
  [1m[36mUser Exists (0.3ms)[0m  [1m[34mSELECT  1 AS one FROM "users" WHERE "users"."email" = $1 AND "users"."id" != $2 LIMIT $3[0m  [["email", "edgarsbarajas@yahoo.com"], ["id", 4], ["LIMIT", 1]]
  ↳ app/controllers/api/v1/sessions_controller.rb:6
  [1m[36mUser Update (1.3ms)[0m  [1m[33mUPDATE "users" SET "auth_token" = $1, "updated_at" = $2 WHERE "users"."id" = $3[0m  [["auth_token", "UCSA3bw26SFZU1QK9GS7fCbi"], ["updated_at", "2019-02-23 05:09:18.085759"], ["id", 4]]
  ↳ app/controllers/api/v1/sessions_controller.rb:6
  [1m[35m (0.9ms)[0m  [1m[35mCOMMIT[0m
  ↳ app/controllers/api/v1/sessions_controller.rb:6
Completed 200 OK in 172ms (Views: 0.2ms | ActiveRecord: 87.2ms)


Started POST "/api/v1/logout" for ::1 at 2019-02-22 21:13:09 -0800
  
ActionController::RoutingError (No route matches [POST] "/api/v1/logout"):
  
actionpack (5.2.2) lib/action_dispatch/middleware/debug_exceptions.rb:65:in `call'
actionpack (5.2.2) lib/action_dispatch/middleware/show_exceptions.rb:33:in `call'
railties (5.2.2) lib/rails/rack/logger.rb:38:in `call_app'
railties (5.2.2) lib/rails/rack/logger.rb:26:in `block in call'
activesupport (5.2.2) lib/active_support/tagged_logging.rb:71:in `block in tagged'
activesupport (5.2.2) lib/active_support/tagged_logging.rb:28:in `tagged'
activesupport (5.2.2) lib/active_support/tagged_logging.rb:71:in `tagged'
railties (5.2.2) lib/rails/rack/logger.rb:26:in `call'
actionpack (5.2.2) lib/action_dispatch/middleware/remote_ip.rb:81:in `call'
actionpack (5.2.2) lib/action_dispatch/middleware/request_id.rb:27:in `call'
rack (2.0.6) lib/rack/runtime.rb:22:in `call'
activesupport (5.2.2) lib/active_support/cache/strategy/local_cache_middleware.rb:29:in `call'
actionpack (5.2.2) lib/action_dispatch/middleware/executor.rb:14:in `call'
actionpack (5.2.2) lib/action_dispatch/middleware/static.rb:127:in `call'
rack (2.0.6) lib/rack/sendfile.rb:111:in `call'
railties (5.2.2) lib/rails/engine.rb:524:in `call'
puma (3.12.0) lib/puma/configuration.rb:225:in `call'
puma (3.12.0) lib/puma/server.rb:658:in `handle_request'
puma (3.12.0) lib/puma/server.rb:472:in `process_client'
puma (3.12.0) lib/puma/server.rb:332:in `block in run'
puma (3.12.0) lib/puma/thread_pool.rb:133:in `block in spawn_thread'
Started DELETE "/api/v1/logout" for ::1 at 2019-02-22 21:14:08 -0800
Processing by Api::V1::SessionsController#destroy as */*
Completed 204 No Content in 0ms (ActiveRecord: 0.0ms)


Started DELETE "/api/v1/logout" for ::1 at 2019-02-22 21:19:34 -0800
Processing by Api::V1::SessionsController#destroy as */*
Completed 500 Internal Server Error in 101ms (ActiveRecord: 0.0ms)


  
NameError (undefined local variable or method `current_user' for #<Api::V1::SessionsController:0x00007fa5e8388cc8>):
  
app/controllers/api/v1/sessions_controller.rb:22:in `destroy'
Started DELETE "/api/v1/logout" for ::1 at 2019-02-22 21:20:04 -0800
Processing by Api::V1::SessionsController#destroy as */*
Completed 500 Internal Server Error in 105ms (ActiveRecord: 0.0ms)


  
NameError (undefined local variable or method `current_user' for #<Api::V1::SessionsController:0x00007fa5e8b7b390>):
  
app/controllers/api/v1/sessions_controller.rb:22:in `destroy'
Started DELETE "/api/v1/logout" for ::1 at 2019-02-22 21:20:36 -0800
Processing by Api::V1::SessionsController#destroy as */*
Completed 500 Internal Server Error in 106ms (ActiveRecord: 0.0ms)


  
NameError (undefined local variable or method `current_user' for #<Api::V1::SessionsController:0x00007fa5e7416218>):
  
app/controllers/api/v1/sessions_controller.rb:22:in `destroy'
Started GET "/" for ::1 at 2019-02-22 21:23:19 -0800
  [1m[35m (0.4ms)[0m  [1m[34mSELECT "schema_migrations"."version" FROM "schema_migrations" ORDER BY "schema_migrations"."version" ASC[0m
  ↳ /Users/edgarbarajas/.rvm/gems/ruby-2.6.0/gems/activerecord-5.2.2/lib/active_record/log_subscriber.rb:98
Processing by Rails::WelcomeController#index as HTML
  Rendering /Users/edgarbarajas/.rvm/gems/ruby-2.6.0/gems/railties-5.2.2/lib/rails/templates/rails/welcome/index.html.erb
  Rendered /Users/edgarbarajas/.rvm/gems/ruby-2.6.0/gems/railties-5.2.2/lib/rails/templates/rails/welcome/index.html.erb (2.9ms)
Completed 200 OK in 8ms (Views: 6.2ms | ActiveRecord: 0.0ms)


Started GET "/favicon.ico" for ::1 at 2019-02-22 21:23:20 -0800
  
ActionController::RoutingError (No route matches [GET] "/favicon.ico"):
  
actionpack (5.2.2) lib/action_dispatch/middleware/debug_exceptions.rb:65:in `call'
actionpack (5.2.2) lib/action_dispatch/middleware/show_exceptions.rb:33:in `call'
railties (5.2.2) lib/rails/rack/logger.rb:38:in `call_app'
railties (5.2.2) lib/rails/rack/logger.rb:26:in `block in call'
activesupport (5.2.2) lib/active_support/tagged_logging.rb:71:in `block in tagged'
activesupport (5.2.2) lib/active_support/tagged_logging.rb:28:in `tagged'
activesupport (5.2.2) lib/active_support/tagged_logging.rb:71:in `tagged'
railties (5.2.2) lib/rails/rack/logger.rb:26:in `call'
actionpack (5.2.2) lib/action_dispatch/middleware/remote_ip.rb:81:in `call'
actionpack (5.2.2) lib/action_dispatch/middleware/request_id.rb:27:in `call'
rack (2.0.6) lib/rack/runtime.rb:22:in `call'
activesupport (5.2.2) lib/active_support/cache/strategy/local_cache_middleware.rb:29:in `call'
actionpack (5.2.2) lib/action_dispatch/middleware/executor.rb:14:in `call'
actionpack (5.2.2) lib/action_dispatch/middleware/static.rb:127:in `call'
rack (2.0.6) lib/rack/sendfile.rb:111:in `call'
railties (5.2.2) lib/rails/engine.rb:524:in `call'
puma (3.12.0) lib/puma/configuration.rb:225:in `call'
puma (3.12.0) lib/puma/server.rb:658:in `handle_request'
puma (3.12.0) lib/puma/server.rb:472:in `process_client'
puma (3.12.0) lib/puma/server.rb:332:in `block in run'
puma (3.12.0) lib/puma/thread_pool.rb:133:in `block in spawn_thread'
Started DELETE "/api/v1/logout" for ::1 at 2019-02-23 11:45:01 -0800
  [1m[35m (41.8ms)[0m  [1m[34mSELECT "schema_migrations"."version" FROM "schema_migrations" ORDER BY "schema_migrations"."version" ASC[0m
  ↳ /Users/edgarbarajas/.rvm/gems/ruby-2.6.0/gems/activerecord-5.2.2/lib/active_record/log_subscriber.rb:98
Processing by Api::V1::SessionsController#destroy as */*
Completed 204 No Content in 0ms (ActiveRecord: 0.0ms)


Started DELETE "/api/v1/logout" for ::1 at 2019-02-23 11:46:59 -0800
Processing by Api::V1::SessionsController#destroy as */*
Completed 500 Internal Server Error in 62ms (ActiveRecord: 0.0ms)


  
NoMethodError (undefined method `authenticate_with_http_token' for #<Api::V1::SessionsController:0x00007fa88a5b47f0>
Did you mean?  authenticate_token):
  
app/controllers/auth_controller.rb:8:in `authenticate_token'
app/controllers/auth_controller.rb:3:in `current_user'
app/controllers/api/v1/sessions_controller.rb:22:in `destroy'
Started DELETE "/api/v1/logout" for ::1 at 2019-02-23 11:48:04 -0800
Processing by Api::V1::SessionsController#destroy as */*
  [1m[36mUser Load (0.6ms)[0m  [1m[34mSELECT  "users".* FROM "users" WHERE "users"."auth_token" = $1 LIMIT $2[0m  [["auth_token", "Mx5FJrAT7wCXhcY92PrLhV74"], ["LIMIT", 1]]
  ↳ app/controllers/auth_controller.rb:9
Completed 204 No Content in 17ms (ActiveRecord: 9.3ms)


Started POST "/api/v1/login" for ::1 at 2019-02-23 11:48:54 -0800
Processing by Api::V1::SessionsController#create as */*
  Parameters: {"email"=>"edgarsbarajas@yahoo.com", "password"=>"[FILTERED]", "session"=>{"email"=>"edgarsbarajas@yahoo.com", "password"=>"[FILTERED]"}}
  [1m[36mUser Load (2.0ms)[0m  [1m[34mSELECT  "users".* FROM "users" WHERE "users"."email" = $1 LIMIT $2[0m  [["email", "edgarsbarajas@yahoo.com"], ["LIMIT", 1]]
  ↳ app/controllers/api/v1/sessions_controller.rb:4
  [1m[35m (0.1ms)[0m  [1m[35mBEGIN[0m
  ↳ app/controllers/api/v1/sessions_controller.rb:6
  [1m[36mUser Exists (0.3ms)[0m  [1m[34mSELECT  1 AS one FROM "users" WHERE "users"."email" = $1 AND "users"."id" != $2 LIMIT $3[0m  [["email", "edgarsbarajas@yahoo.com"], ["id", 4], ["LIMIT", 1]]
  ↳ app/controllers/api/v1/sessions_controller.rb:6
  [1m[36mUser Update (0.4ms)[0m  [1m[33mUPDATE "users" SET "auth_token" = $1, "updated_at" = $2 WHERE "users"."id" = $3[0m  [["auth_token", "wAjQ1uVTaurAkEaQ6mwhQ3AN"], ["updated_at", "2019-02-23 19:48:54.880278"], ["id", 4]]
  ↳ app/controllers/api/v1/sessions_controller.rb:6
  [1m[35m (3.5ms)[0m  [1m[35mCOMMIT[0m
  ↳ app/controllers/api/v1/sessions_controller.rb:6
Completed 200 OK in 93ms (Views: 0.2ms | ActiveRecord: 11.8ms)


Started DELETE "/api/v1/logout" for ::1 at 2019-02-23 11:49:10 -0800
Processing by Api::V1::SessionsController#destroy as */*
  [1m[36mUser Load (0.2ms)[0m  [1m[34mSELECT  "users".* FROM "users" WHERE "users"."auth_token" = $1 LIMIT $2[0m  [["auth_token", "wAjQ1uVTaurAkEaQ6mwhQ3AN"], ["LIMIT", 1]]
  ↳ app/controllers/auth_controller.rb:9
Completed 204 No Content in 1ms (ActiveRecord: 0.2ms)


Started DELETE "/api/v1/logout" for ::1 at 2019-02-23 11:50:40 -0800
Processing by Api::V1::SessionsController#destroy as */*
  [1m[36mUser Load (0.4ms)[0m  [1m[34mSELECT  "users".* FROM "users" WHERE "users"."auth_token" = $1 LIMIT $2[0m  [["auth_token", "wAjQ1uVTaurAkEaQ6mwhQ3AN"], ["LIMIT", 1]]
  ↳ app/controllers/auth_controller.rb:9
Completed 204 No Content in 17ms (ActiveRecord: 4.7ms)


  [1m[36mUser Load (0.3ms)[0m  [1m[34mSELECT  "users".* FROM "users" LIMIT $1[0m  [["LIMIT", 11]]
  [1m[36mUser Load (6.1ms)[0m  [1m[34mSELECT  "users".* FROM "users" ORDER BY "users"."id" ASC LIMIT $1[0m  [["LIMIT", 1]]
Started DELETE "/api/v1/logout" for ::1 at 2019-02-23 11:53:34 -0800
Processing by Api::V1::SessionsController#destroy as */*
  [1m[36mUser Load (0.3ms)[0m  [1m[34mSELECT  "users".* FROM "users" WHERE "users"."auth_token" = $1 LIMIT $2[0m  [["auth_token", "wAjQ1uVTaurAkEaQ6mwhQ3AN"], ["LIMIT", 1]]
  ↳ app/controllers/auth_controller.rb:9
  [1m[35m (1.5ms)[0m  [1m[35mBEGIN[0m
  ↳ app/controllers/api/v1/sessions_controller.rb:25
  [1m[36mUser Exists (0.3ms)[0m  [1m[34mSELECT  1 AS one FROM "users" WHERE "users"."email" = $1 AND "users"."id" != $2 LIMIT $3[0m  [["email", "edgarsbarajas@yahoo.com"], ["id", 4], ["LIMIT", 1]]
  ↳ app/controllers/api/v1/sessions_controller.rb:25
  [1m[36mUser Update (0.5ms)[0m  [1m[33mUPDATE "users" SET "auth_token" = $1, "updated_at" = $2 WHERE "users"."id" = $3[0m  [["auth_token", nil], ["updated_at", "2019-02-23 19:53:34.614286"], ["id", 4]]
  ↳ app/controllers/api/v1/sessions_controller.rb:25
  [1m[35m (39.7ms)[0m  [1m[35mCOMMIT[0m
  ↳ app/controllers/api/v1/sessions_controller.rb:25
Completed 204 No Content in 62ms (ActiveRecord: 46.5ms)


  [1m[36mUser Load (0.4ms)[0m  [1m[34mSELECT  "users".* FROM "users" ORDER BY "users"."id" ASC LIMIT $1[0m  [["LIMIT", 1]]
